#
# There is insufficient memory for the Java Runtime Environment to continue.
# Native memory allocation (malloc) failed to allocate 555696 bytes for Chunk::new
# Possible reasons:
#   The system is out of physical RAM or swap space
#   The process is running with CompressedOops enabled, and the Java Heap may be blocking the growth of the native heap
# Possible solutions:
#   Reduce memory load on the system
#   Increase physical memory or swap space
#   Check if swap backing store is full
#   Decrease Java heap size (-Xmx/-Xms)
#   Decrease number of Java threads
#   Decrease Java thread stack sizes (-Xss)
#   Set larger code cache with -XX:ReservedCodeCacheSize=
#   JVM is running with Unscaled Compressed Oops mode in which the Java heap is
#     placed in the first 4GB address space. The Java Heap base address is the
#     maximum limit for the native heap growth. Please use -XX:HeapBaseMinAddress
#     to set the Java Heap base and to place the Java Heap above 4GB virtual address.
# This output file may be truncated or incomplete.
#
#  Out of Memory Error (allocation.cpp:389), pid=8860, tid=0x0000000000002940
#
# JRE version: OpenJDK Runtime Environment (8.0_212-b04) (build 1.8.0_212-release-1586-b04)
# Java VM: OpenJDK 64-Bit Server VM (25.212-b04 mixed mode windows-amd64 compressed oops)
# Failed to write core dump. Minidumps are not enabled by default on client versions of Windows
#

---------------  T H R E A D  ---------------

Current thread (0x0000000018efb800):  JavaThread "C2 CompilerThread0" daemon [_thread_in_native, id=10560, stack(0x00000000197d0000,0x00000000198d0000)]

Stack: [0x00000000197d0000,0x00000000198d0000]
[error occurred during error reporting (printing stack bounds), id 0xc0000005]

Native frames: (J=compiled Java code, j=interpreted, Vv=VM code, C=native code)


Current CompileTask:
C2: 405875 15770       4       org.gradle.api.internal.artifacts.transform.DefaultTransformationNodeRegistry::getOrCreateInternal (145 bytes)


---------------  P R O C E S S  ---------------

Java Threads: ( => current thread )
  0x000000001a9a8800 JavaThread "Execution worker for ':' Thread 7" [_thread_in_Java, id=6208, stack(0x0000000027450000,0x0000000027550000)]
  0x000000001a9aa000 JavaThread "Execution worker for ':' Thread 6" [_thread_blocked, id=11184, stack(0x0000000027250000,0x0000000027350000)]
  0x000000001a9a7800 JavaThread "Execution worker for ':' Thread 5" [_thread_blocked, id=256, stack(0x0000000026e70000,0x0000000026f70000)]
  0x000000001a9a7000 JavaThread "Execution worker for ':' Thread 4" [_thread_in_native, id=8812, stack(0x0000000026730000,0x0000000026830000)]
  0x000000001a9ab800 JavaThread "Execution worker for ':' Thread 3" [_thread_in_native, id=6932, stack(0x0000000026630000,0x0000000026730000)]
  0x000000001a9aa800 JavaThread "Execution worker for ':' Thread 2" [_thread_in_Java, id=8968, stack(0x0000000026530000,0x0000000026630000)]
  0x000000001a9a6000 JavaThread "Execution worker for ':'" [_thread_in_native, id=4700, stack(0x0000000026430000,0x0000000026530000)]
  0x000000001a99e800 JavaThread "Cache worker for file content cache (C:\Users\mhars\Desktop\Vastum\.gradle\5.6.4\fileContent)" [_thread_blocked, id=6696, stack(0x0000000026330000,0x0000000026430000)]
  0x000000001a9a5800 JavaThread "Cache worker for Build Output Cleanup Cache (C:\Users\mhars\Desktop\Vastum\.gradle\buildOutputCleanup)" [_thread_blocked, id=11680, stack(0x0000000025b80000,0x0000000025c80000)]
  0x000000001a9a4800 JavaThread "Build operations Thread 8" [_thread_blocked, id=9660, stack(0x0000000025080000,0x0000000025180000)]
  0x000000001a9a4000 JavaThread "Build operations Thread 7" [_thread_blocked, id=4508, stack(0x00000000239b0000,0x0000000023ab0000)]
  0x000000001a9a3000 JavaThread "Build operations Thread 6" [_thread_blocked, id=8964, stack(0x0000000023690000,0x0000000023790000)]
  0x000000001a9a1800 JavaThread "Build operations Thread 5" [_thread_blocked, id=6408, stack(0x0000000023590000,0x0000000023690000)]
  0x000000001a9a1000 JavaThread "Build operations Thread 4" [_thread_blocked, id=6384, stack(0x0000000023490000,0x0000000023590000)]
  0x000000001a9a2800 JavaThread "Build operations Thread 3" [_thread_blocked, id=5344, stack(0x0000000023390000,0x0000000023490000)]
  0x000000001a99d000 JavaThread "Build operations Thread 2" [_thread_blocked, id=10620, stack(0x0000000023290000,0x0000000023390000)]
  0x000000001a99e000 JavaThread "Build operations" [_thread_blocked, id=7088, stack(0x0000000023190000,0x0000000023290000)]
  0x000000001c538800 JavaThread "Cache worker for cache directory md-rule (C:\Users\mhars\.gradle\caches\5.6.4\md-rule)" [_thread_blocked, id=9220, stack(0x0000000023090000,0x0000000023190000)]
  0x000000001c539000 JavaThread "Cache worker for cache directory md-supplier (C:\Users\mhars\.gradle\caches\5.6.4\md-supplier)" [_thread_blocked, id=9696, stack(0x0000000021ec0000,0x0000000021fc0000)]
  0x000000001c537800 JavaThread "Cache worker for file hash cache (C:\Users\mhars\Desktop\Vastum\.gradle\5.6.4\fileHashes)" [_thread_blocked, id=10280, stack(0x0000000020120000,0x0000000020220000)]
  0x000000001c52d800 JavaThread "Thread-139" [_thread_blocked, id=12260, stack(0x000000001efc0000,0x000000001f0c0000)]
  0x000000001c533800 JavaThread "Stdin handler" [_thread_blocked, id=6056, stack(0x000000001d4f0000,0x000000001d5f0000)]
  0x000000001c52c000 JavaThread "Asynchronous log dispatcher for DefaultDaemonConnection: socket connection from /127.0.0.1:56022 to /127.0.0.1:56084" [_thread_blocked, id=8492, stack(0x000000001d3f0000,0x000000001d4f0000)]
  0x000000001c52b800 JavaThread "Daemon worker Thread 4" [_thread_in_native, id=8456, stack(0x000000001d2f0000,0x000000001d3f0000)]
  0x000000001c52d000 JavaThread "Cancel handler" [_thread_blocked, id=1316, stack(0x000000001cff0000,0x000000001d0f0000)]
  0x000000001c52a800 JavaThread "Handler for socket connection from /127.0.0.1:56022 to /127.0.0.1:56084" [_thread_in_native, id=11396, stack(0x000000001cef0000,0x000000001cff0000)]
  0x000000001c530000 JavaThread "Daemon Thread 4" [_thread_blocked, id=8832, stack(0x0000000001540000,0x0000000001640000)]
  0x000000001c535000 JavaThread "Cache worker for Java compile cache (C:\Users\mhars\.gradle\caches\5.6.4\javaCompile)" [_thread_blocked, id=11836, stack(0x0000000027350000,0x0000000027450000)]
  0x000000001c536800 JavaThread "Cache worker for file content cache (C:\Users\mhars\.gradle\caches\5.6.4\fileContent)" [_thread_blocked, id=436, stack(0x0000000025a80000,0x0000000025b80000)]
  0x000000001c532000 JavaThread "Memory manager" [_thread_blocked, id=9412, stack(0x0000000025980000,0x0000000025a80000)]
  0x000000001a0f8800 JavaThread "Cache worker for execution history cache (C:\Users\mhars\.gradle\caches\5.6.4\executionHistory)" [_thread_blocked, id=7880, stack(0x0000000021fc0000,0x00000000220c0000)]
  0x000000001a0f4800 JavaThread "Cache worker for journal cache (C:\Users\mhars\.gradle\caches\journal-1)" [_thread_in_Java, id=11300, stack(0x000000001daf0000,0x000000001dbf0000)]
  0x000000001a0fa800 JavaThread "File lock request listener" [_thread_in_native, id=10488, stack(0x000000001d9f0000,0x000000001daf0000)]
  0x000000001a026000 JavaThread "Cache worker for file hash cache (C:\Users\mhars\.gradle\caches\5.6.4\fileHashes)" [_thread_blocked, id=1364, stack(0x000000001d8f0000,0x000000001d9f0000)]
  0x000000001b940000 JavaThread "Daemon periodic checks" [_thread_blocked, id=11820, stack(0x000000001cdf0000,0x000000001cef0000)]
  0x000000001b93f000 JavaThread "Incoming local TCP Connector on port 56022" [_thread_in_native, id=10712, stack(0x000000001cbb0000,0x000000001ccb0000)]
  0x0000000019170800 JavaThread "Daemon health stats" [_thread_blocked, id=3920, stack(0x000000001c570000,0x000000001c670000)]
  0x0000000018f95000 JavaThread "Service Thread" daemon [_thread_blocked, id=6764, stack(0x0000000019bd0000,0x0000000019cd0000)]
  0x00000000170ed000 JavaThread "C1 CompilerThread3" daemon [_thread_blocked, id=3308, stack(0x0000000019ad0000,0x0000000019bd0000)]
  0x0000000018f02800 JavaThread "C2 CompilerThread2" daemon [_thread_in_native, id=6820, stack(0x00000000199d0000,0x0000000019ad0000)]
  0x0000000018eff000 JavaThread "C2 CompilerThread1" daemon [_thread_in_native, id=7564, stack(0x00000000198d0000,0x00000000199d0000)]
=>0x0000000018efb800 JavaThread "C2 CompilerThread0" daemon [_thread_in_native, id=10560, stack(0x00000000197d0000,0x00000000198d0000)]
  0x0000000018efa800 JavaThread "Attach Listener" daemon [_thread_blocked, id=7632, stack(0x00000000196d0000,0x00000000197d0000)]
  0x0000000018f06000 JavaThread "Signal Dispatcher" daemon [_thread_blocked, id=7932, stack(0x00000000195d0000,0x00000000196d0000)]
  0x000000000324d800 JavaThread "Finalizer" daemon [_thread_blocked, id=11912, stack(0x00000000193d0000,0x00000000194d0000)]
  0x0000000018ef0800 JavaThread "Reference Handler" daemon [_thread_blocked, id=8912, stack(0x00000000192d0000,0x00000000193d0000)]
  0x000000000331e000 JavaThread "main" [_thread_blocked, id=1008, stack(0x0000000003020000,0x0000000003120000)]

Other Threads:
  0x00000000170d8000 VMThread [stack: 0x0000000018dd0000,0x0000000018ed0000] [id=10992]
  0x0000000018f96000 WatcherThread [stack: 0x0000000019cd0000,0x0000000019dd0000] [id=6284]

VM state:not at safepoint (normal execution)

VM Mutex/Monitor currently owned by a thread: None

heap address: 0x00000000a0000000, size: 1536 MB, Compressed Oops mode: 32-bit
Narrow klass base: 0x0000000000000000, Narrow klass shift: 3
Compressed class space size: 1073741824 Address: 0x0000000100000000

Heap:
 PSYoungGen      total 261632K, used 72103K [0x00000000e0000000, 0x00000000f5100000, 0x0000000100000000)
  eden space 210944K, 31% used [0x00000000e0000000,0x00000000e4011d08,0x00000000ece00000)
  from space 50688K, 12% used [0x00000000ece00000,0x00000000ed4580a8,0x00000000eff80000)
  to   space 49664K, 0% used [0x00000000f2080000,0x00000000f2080000,0x00000000f5100000)
 ParOldGen       total 255488K, used 124584K [0x00000000a0000000, 0x00000000af980000, 0x00000000e0000000)
  object space 255488K, 48% used [0x00000000a0000000,0x00000000a79aa148,0x00000000af980000)
 Metaspace       used 84535K, capacity 88264K, committed 89000K, reserved 1126400K
  class space    used 11226K, capacity 11980K, committed 12200K, reserved 1048576K

Card table byte_map: [0x00000000126e0000,0x00000000129f0000] byte_map_base: 0x00000000121e0000

Marking Bits: (ParMarkBitMap*) 0x0000000062349f30
 Begin Bits: [0x00000000133f0000, 0x0000000014bf0000)
 End Bits:   [0x0000000014bf0000, 0x00000000163f0000)

Polling page: 0x0000000003120000

CodeCache: size=245760Kb used=43139Kb max_used=43148Kb free=202620Kb
 bounds [0x0000000003320000, 0x0000000005d80000, 0x0000000012320000]
 total_blobs=13775 nmethods=12922 adapters=765
 compilation: enabled

Compilation events (10 events):
Event: 405.848 Thread 0x0000000018eff000 nmethod 15761 0x0000000005d76110 code [0x0000000005d76400, 0x0000000005d77bf8]
Event: 405.848 Thread 0x0000000018eff000 15794       4       com.google.common.collect.ImmutableMultimap$Builder::build (41 bytes)
Event: 405.856 Thread 0x00000000170ed000 15795       3       java.nio.file.FileTreeWalker::close (30 bytes)
Event: 405.857 Thread 0x00000000170ed000 nmethod 15795 0x0000000005d71cd0 code [0x0000000005d71ec0, 0x0000000005d726e8]
Event: 405.857 Thread 0x00000000170ed000 15796       2       org.gradle.internal.snapshot.MerkleDirectorySnapshotBuilder::isRoot (8 bytes)
Event: 405.857 Thread 0x00000000170ed000 nmethod 15796 0x0000000005d71950 code [0x0000000005d71aa0, 0x0000000005d71c10]
Event: 405.861 Thread 0x00000000170ed000 15798       3       org.gradle.api.internal.artifacts.transform.TransformationStep::isolateExclusively (17 bytes)
Event: 405.862 Thread 0x00000000170ed000 nmethod 15798 0x0000000005d70ed0 code [0x0000000005d71080, 0x0000000005d715c8]
Event: 405.870 Thread 0x00000000170ed000 15799       1       org.gradle.internal.io.StreamByteBuffer$StreamByteBufferChunk::bytesUnread (10 bytes)
Event: 405.870 Thread 0x00000000170ed000 nmethod 15799 0x0000000005d61e10 code [0x0000000005d61f60, 0x0000000005d62070]

GC Heap History (10 events):
Event: 178.691 GC heap before
{Heap before GC invocations=23 (full 3):
 PSYoungGen      total 203264K, used 200859K [0x00000000e0000000, 0x00000000ef580000, 0x0000000100000000)
  eden space 181760K, 100% used [0x00000000e0000000,0x00000000eb180000,0x00000000eb180000)
  from space 21504K, 88% used [0x00000000eb180000,0x00000000ec426ff0,0x00000000ec680000)
  to   space 23552K, 0% used [0x00000000ede80000,0x00000000ede80000,0x00000000ef580000)
 ParOldGen       total 132608K, used 60033K [0x00000000a0000000, 0x00000000a8180000, 0x00000000e0000000)
  object space 132608K, 45% used [0x00000000a0000000,0x00000000a3aa0640,0x00000000a8180000)
 Metaspace       used 83630K, capacity 87677K, committed 87976K, reserved 1124352K
  class space    used 11310K, capacity 12104K, committed 12200K, reserved 1048576K
Event: 178.824 GC heap after
Heap after GC invocations=23 (full 3):
 PSYoungGen      total 206336K, used 23540K [0x00000000e0000000, 0x00000000f2d80000, 0x0000000100000000)
  eden space 182784K, 0% used [0x00000000e0000000,0x00000000e0000000,0x00000000eb280000)
  from space 23552K, 99% used [0x00000000ede80000,0x00000000ef57d230,0x00000000ef580000)
  to   space 45056K, 0% used [0x00000000eb280000,0x00000000eb280000,0x00000000ede80000)
 ParOldGen       total 132608K, used 107819K [0x00000000a0000000, 0x00000000a8180000, 0x00000000e0000000)
  object space 132608K, 81% used [0x00000000a0000000,0x00000000a694ac30,0x00000000a8180000)
 Metaspace       used 83630K, capacity 87677K, committed 87976K, reserved 1124352K
  class space    used 11310K, capacity 12104K, committed 12200K, reserved 1048576K
}
Event: 178.825 GC heap before
{Heap before GC invocations=24 (full 4):
 PSYoungGen      total 206336K, used 23540K [0x00000000e0000000, 0x00000000f2d80000, 0x0000000100000000)
  eden space 182784K, 0% used [0x00000000e0000000,0x00000000e0000000,0x00000000eb280000)
  from space 23552K, 99% used [0x00000000ede80000,0x00000000ef57d230,0x00000000ef580000)
  to   space 45056K, 0% used [0x00000000eb280000,0x00000000eb280000,0x00000000ede80000)
 ParOldGen       total 132608K, used 107819K [0x00000000a0000000, 0x00000000a8180000, 0x00000000e0000000)
  object space 132608K, 81% used [0x00000000a0000000,0x00000000a694ac30,0x00000000a8180000)
 Metaspace       used 83630K, capacity 87677K, committed 87976K, reserved 1124352K
  class space    used 11310K, capacity 12104K, committed 12200K, reserved 1048576K
Event: 179.871 GC heap after
Heap after GC invocations=24 (full 4):
 PSYoungGen      total 206336K, used 0K [0x00000000e0000000, 0x00000000f2d80000, 0x0000000100000000)
  eden space 182784K, 0% used [0x00000000e0000000,0x00000000e0000000,0x00000000eb280000)
  from space 23552K, 0% used [0x00000000ede80000,0x00000000ede80000,0x00000000ef580000)
  to   space 45056K, 0% used [0x00000000eb280000,0x00000000eb280000,0x00000000ede80000)
 ParOldGen       total 255488K, used 112625K [0x00000000a0000000, 0x00000000af980000, 0x00000000e0000000)
  object space 255488K, 44% used [0x00000000a0000000,0x00000000a6dfc4a0,0x00000000af980000)
 Metaspace       used 83237K, capacity 86618K, committed 87976K, reserved 1124352K
  class space    used 11181K, capacity 11871K, committed 12200K, reserved 1048576K
}
Event: 279.243 GC heap before
{Heap before GC invocations=25 (full 4):
 PSYoungGen      total 206336K, used 182784K [0x00000000e0000000, 0x00000000f2d80000, 0x0000000100000000)
  eden space 182784K, 100% used [0x00000000e0000000,0x00000000eb280000,0x00000000eb280000)
  from space 23552K, 0% used [0x00000000ede80000,0x00000000ede80000,0x00000000ef580000)
  to   space 45056K, 0% used [0x00000000eb280000,0x00000000eb280000,0x00000000ede80000)
 ParOldGen       total 255488K, used 112625K [0x00000000a0000000, 0x00000000af980000, 0x00000000e0000000)
  object space 255488K, 44% used [0x00000000a0000000,0x00000000a6dfc4a0,0x00000000af980000)
 Metaspace       used 83848K, capacity 87466K, committed 88232K, reserved 1126400K
  class space    used 11213K, capacity 11959K, committed 12200K, reserved 1048576K
Event: 279.434 GC heap after
Heap after GC invocations=25 (full 4):
 PSYoungGen      total 227840K, used 13936K [0x00000000e0000000, 0x00000000f2900000, 0x0000000100000000)
  eden space 182784K, 0% used [0x00000000e0000000,0x00000000e0000000,0x00000000eb280000)
  from space 45056K, 30% used [0x00000000eb280000,0x00000000ec01c0b8,0x00000000ede80000)
  to   space 42496K, 0% used [0x00000000eff80000,0x00000000eff80000,0x00000000f2900000)
 ParOldGen       total 255488K, used 112633K [0x00000000a0000000, 0x00000000af980000, 0x00000000e0000000)
  object space 255488K, 44% used [0x00000000a0000000,0x00000000a6dfe4a0,0x00000000af980000)
 Metaspace       used 83848K, capacity 87466K, committed 88232K, reserved 1126400K
  class space    used 11213K, capacity 11959K, committed 12200K, reserved 1048576K
}
Event: 283.385 GC heap before
{Heap before GC invocations=26 (full 4):
 PSYoungGen      total 227840K, used 196720K [0x00000000e0000000, 0x00000000f2900000, 0x0000000100000000)
  eden space 182784K, 100% used [0x00000000e0000000,0x00000000eb280000,0x00000000eb280000)
  from space 45056K, 30% used [0x00000000eb280000,0x00000000ec01c0b8,0x00000000ede80000)
  to   space 42496K, 0% used [0x00000000eff80000,0x00000000eff80000,0x00000000f2900000)
 ParOldGen       total 255488K, used 112633K [0x00000000a0000000, 0x00000000af980000, 0x00000000e0000000)
  object space 255488K, 44% used [0x00000000a0000000,0x00000000a6dfe4a0,0x00000000af980000)
 Metaspace       used 84303K, capacity 87994K, committed 88744K, reserved 1126400K
  class space    used 11220K, capacity 11969K, committed 12200K, reserved 1048576K
Event: 283.419 GC heap after
Heap after GC invocations=26 (full 4):
 PSYoungGen      total 253440K, used 42471K [0x00000000e0000000, 0x00000000f3600000, 0x0000000100000000)
  eden space 210944K, 0% used [0x00000000e0000000,0x00000000e0000000,0x00000000ece00000)
  from space 42496K, 99% used [0x00000000eff80000,0x00000000f28f9ce8,0x00000000f2900000)
  to   space 50688K, 0% used [0x00000000ece00000,0x00000000ece00000,0x00000000eff80000)
 ParOldGen       total 255488K, used 114967K [0x00000000a0000000, 0x00000000af980000, 0x00000000e0000000)
  object space 255488K, 44% used [0x00000000a0000000,0x00000000a7045c40,0x00000000af980000)
 Metaspace       used 84303K, capacity 87994K, committed 88744K, reserved 1126400K
  class space    used 11220K, capacity 11969K, committed 12200K, reserved 1048576K
}
Event: 285.156 GC heap before
{Heap before GC invocations=27 (full 4):
 PSYoungGen      total 253440K, used 248183K [0x00000000e0000000, 0x00000000f3600000, 0x0000000100000000)
  eden space 210944K, 97% used [0x00000000e0000000,0x00000000ec8e4228,0x00000000ece00000)
  from space 42496K, 99% used [0x00000000eff80000,0x00000000f28f9ce8,0x00000000f2900000)
  to   space 50688K, 0% used [0x00000000ece00000,0x00000000ece00000,0x00000000eff80000)
 ParOldGen       total 255488K, used 114967K [0x00000000a0000000, 0x00000000af980000, 0x00000000e0000000)
  object space 255488K, 44% used [0x00000000a0000000,0x00000000a7045c40,0x00000000af980000)
 Metaspace       used 84354K, capacity 88064K, committed 88744K, reserved 1126400K
  class space    used 11220K, capacity 11970K, committed 12200K, reserved 1048576K
Event: 285.165 GC heap after
Heap after GC invocations=27 (full 4):
 PSYoungGen      total 261632K, used 6496K [0x00000000e0000000, 0x00000000f5100000, 0x0000000100000000)
  eden space 210944K, 0% used [0x00000000e0000000,0x00000000e0000000,0x00000000ece00000)
  from space 50688K, 12% used [0x00000000ece00000,0x00000000ed4580a8,0x00000000eff80000)
  to   space 49664K, 0% used [0x00000000f2080000,0x00000000f2080000,0x00000000f5100000)
 ParOldGen       total 255488K, used 124584K [0x00000000a0000000, 0x00000000af980000, 0x00000000e0000000)
  object space 255488K, 48% used [0x00000000a0000000,0x00000000a79aa148,0x00000000af980000)
 Metaspace       used 84354K, capacity 88064K, committed 88744K, reserved 1126400K
  class space    used 11220K, capacity 11970K, committed 12200K, reserved 1048576K
}

Deoptimization events (10 events):
Event: 284.369 Thread 0x000000001fd32000 Uncommon trap: reason=class_check action=maybe_recompile pc=0x0000000005125730 method=java.util.stream.SortedOps$SizedRefSortingSink.end()V @ 57
Event: 284.371 Thread 0x000000001fd32000 Uncommon trap: reason=class_check action=maybe_recompile pc=0x0000000005125730 method=java.util.stream.SortedOps$SizedRefSortingSink.end()V @ 57
Event: 284.492 Thread 0x000000001fd32000 Uncommon trap: reason=array_check action=maybe_recompile pc=0x0000000005483a30 method=java.util.TimSort.reverseRange([Ljava/lang/Object;II)V @ 20
Event: 284.492 Thread 0x000000001fd32000 Uncommon trap: reason=array_check action=maybe_recompile pc=0x0000000005483a30 method=java.util.TimSort.reverseRange([Ljava/lang/Object;II)V @ 20
Event: 284.492 Thread 0x000000001fd32000 Uncommon trap: reason=array_check action=maybe_recompile pc=0x0000000005483a30 method=java.util.TimSort.reverseRange([Ljava/lang/Object;II)V @ 20
Event: 284.492 Thread 0x000000001fd32000 Uncommon trap: reason=array_check action=maybe_recompile pc=0x00000000050ff4e8 method=java.util.TimSort.reverseRange([Ljava/lang/Object;II)V @ 20
Event: 284.814 Thread 0x000000001c53a000 Uncommon trap: reason=unstable_if action=reinterpret pc=0x0000000005be5a90 method=java.util.TimSort.mergeCollapse()V @ 61
Event: 285.398 Thread 0x000000001a9a3000 Uncommon trap: reason=class_check action=maybe_recompile pc=0x000000000573493c method=java.util.Spliterators$ArraySpliterator.tryAdvance(Ljava/util/function/Consumer;)Z @ 49
Event: 405.656 Thread 0x000000001a9a4800 Uncommon trap: reason=unstable_if action=reinterpret pc=0x000000000504d7c0 method=java.util.concurrent.locks.LockSupport.unpark(Ljava/lang/Thread;)V @ 1
Event: 405.713 Thread 0x000000001c52b800 Uncommon trap: reason=class_check action=maybe_recompile pc=0x00000000057303cc method=java.util.Spliterators$ArraySpliterator.tryAdvance(Ljava/util/function/Consumer;)Z @ 49

Classes redefined (0 events):
No events

Internal exceptions (10 events):
Event: 282.796 Thread 0x000000001fd30000 Exception <a 'sun/nio/fs/WindowsException'> (0x00000000e685ea18) thrown at [D:\src\AOSP-openjdk-cygwin\jdk8u\hotspot\src\share\vm\prims\jni.cpp, line 710]
Event: 282.882 Thread 0x000000001fd30000 Exception <a 'sun/nio/fs/WindowsException'> (0x00000000e6b32cc0) thrown at [D:\src\AOSP-openjdk-cygwin\jdk8u\hotspot\src\share\vm\prims\jni.cpp, line 710]
Event: 282.884 Thread 0x000000001fd30000 Exception <a 'sun/nio/fs/WindowsException'> (0x00000000e6b3a8e0) thrown at [D:\src\AOSP-openjdk-cygwin\jdk8u\hotspot\src\share\vm\prims\jni.cpp, line 710]
Event: 282.887 Thread 0x000000001fd30000 Exception <a 'sun/nio/fs/WindowsException'> (0x00000000e6b42338) thrown at [D:\src\AOSP-openjdk-cygwin\jdk8u\hotspot\src\share\vm\prims\jni.cpp, line 710]
Event: 283.159 Thread 0x000000001fd32000 Exception <a 'sun/nio/fs/WindowsException'> (0x00000000e7d3c9c8) thrown at [D:\src\AOSP-openjdk-cygwin\jdk8u\hotspot\src\share\vm\prims\jni.cpp, line 710]
Event: 283.352 Thread 0x000000001c533800 Implicit null exception at 0x0000000005599779 to 0x000000000559ebc9
Event: 283.352 Thread 0x000000001c537800 Implicit null exception at 0x0000000005599779 to 0x000000000559ebc9
Event: 283.352 Thread 0x000000001c52a800 Implicit null exception at 0x0000000005599779 to 0x000000000559ebc9
Event: 285.070 Thread 0x000000001c53a000 Exception <a 'sun/nio/fs/WindowsException'> (0x00000000ebf5a740) thrown at [D:\src\AOSP-openjdk-cygwin\jdk8u\hotspot\src\share\vm\prims\jni.cpp, line 710]
Event: 285.421 Thread 0x000000001a9a3000 Exception <a 'sun/nio/fs/WindowsException'> (0x00000000e09f5850) thrown at [D:\src\AOSP-openjdk-cygwin\jdk8u\hotspot\src\share\vm\prims\jni.cpp, line 710]

Events (10 events):
Event: 405.826 Thread 0x000000001a9a7000 Thread added: 0x000000001a9a7000
Event: 405.826 Thread 0x000000001a9a7800 Thread added: 0x000000001a9a7800
Event: 405.826 Thread 0x000000001a9aa000 Thread added: 0x000000001a9aa000
Event: 405.826 Thread 0x000000001a9a8800 Thread added: 0x000000001a9a8800
Event: 405.826 Executing VM operation: RevokeBias
Event: 405.827 Executing VM operation: RevokeBias done
Event: 405.827 Executing VM operation: RevokeBias
Event: 405.827 Executing VM operation: RevokeBias done
Event: 405.827 Executing VM operation: RevokeBias
Event: 405.828 Executing VM operation: RevokeBias done


Dynamic libraries:
0x00007ff664d30000 - 0x00007ff664d61000 	C:\Program Files\Android\Android Studio\jre\bin\java.exe
0x00007ffbb0da0000 - 0x00007ffbb0f90000 	C:\WINDOWS\SYSTEM32\ntdll.dll
0x00007ffbafea0000 - 0x00007ffbaff52000 	C:\WINDOWS\System32\KERNEL32.DLL
0x00007ffbae500000 - 0x00007ffbae7a3000 	C:\WINDOWS\System32\KERNELBASE.dll
0x00007ffbb0010000 - 0x00007ffbb00b3000 	C:\WINDOWS\System32\ADVAPI32.dll
0x00007ffbaee50000 - 0x00007ffbaeeee000 	C:\WINDOWS\System32\msvcrt.dll
0x00007ffbafb20000 - 0x00007ffbafbb7000 	C:\WINDOWS\System32\sechost.dll
0x00007ffbb00d0000 - 0x00007ffbb01f0000 	C:\WINDOWS\System32\RPCRT4.dll
0x00007ffbaf4c0000 - 0x00007ffbaf654000 	C:\WINDOWS\System32\USER32.dll
0x00007ffbaee20000 - 0x00007ffbaee41000 	C:\WINDOWS\System32\win32u.dll
0x00007ffbaf360000 - 0x00007ffbaf386000 	C:\WINDOWS\System32\GDI32.dll
0x00007ffbae7b0000 - 0x00007ffbae944000 	C:\WINDOWS\System32\gdi32full.dll
0x00007ffbaeb20000 - 0x00007ffbaebbe000 	C:\WINDOWS\System32\msvcp_win.dll
0x00007ffbae950000 - 0x00007ffbaea4a000 	C:\WINDOWS\System32\ucrtbase.dll
0x00007ffb9a8d0000 - 0x00007ffb9ab55000 	C:\WINDOWS\WinSxS\amd64_microsoft.windows.common-controls_6595b64144ccf1df_6.0.18362.693_none_e6c1b3c11311d480\COMCTL32.dll
0x00007ffbaf660000 - 0x00007ffbaf996000 	C:\WINDOWS\System32\combase.dll
0x00007ffbaea80000 - 0x00007ffbaeb00000 	C:\WINDOWS\System32\bcryptPrimitives.dll
0x00007ffbafd00000 - 0x00007ffbafd2e000 	C:\WINDOWS\System32\IMM32.DLL
0x0000000061aa0000 - 0x0000000061b72000 	C:\Program Files\Android\Android Studio\jre\jre\bin\msvcr100.dll
0x0000000061b80000 - 0x00000000623c6000 	C:\Program Files\Android\Android Studio\jre\jre\bin\server\jvm.dll
0x00007ffbb00c0000 - 0x00007ffbb00c8000 	C:\WINDOWS\System32\PSAPI.DLL
0x00007ffbabdf0000 - 0x00007ffbabe14000 	C:\WINDOWS\SYSTEM32\WINMM.dll
0x00007ffba9b90000 - 0x00007ffba9b99000 	C:\WINDOWS\SYSTEM32\WSOCK32.dll
0x00007ffba8620000 - 0x00007ffba862a000 	C:\WINDOWS\SYSTEM32\VERSION.dll
0x00007ffbafdb0000 - 0x00007ffbafe1f000 	C:\WINDOWS\System32\WS2_32.dll
0x00007ffbabc50000 - 0x00007ffbabc7d000 	C:\WINDOWS\SYSTEM32\WINMMBASE.dll
0x00007ffbadd30000 - 0x00007ffbadd7a000 	C:\WINDOWS\System32\cfgmgr32.dll
0x00007ffba9b80000 - 0x00007ffba9b8f000 	C:\Program Files\Android\Android Studio\jre\jre\bin\verify.dll
0x00007ffba8c20000 - 0x00007ffba8c49000 	C:\Program Files\Android\Android Studio\jre\jre\bin\java.dll
0x00007ffba9b30000 - 0x00007ffba9b46000 	C:\Program Files\Android\Android Studio\jre\jre\bin\zip.dll
0x00007ffbb05f0000 - 0x00007ffbb0cd6000 	C:\WINDOWS\System32\SHELL32.dll
0x00007ffbaff60000 - 0x00007ffbb0009000 	C:\WINDOWS\System32\shcore.dll
0x00007ffbadd80000 - 0x00007ffbae500000 	C:\WINDOWS\System32\windows.storage.dll
0x00007ffbadcb0000 - 0x00007ffbadcd9000 	C:\WINDOWS\System32\Wldp.dll
0x00007ffbaecd0000 - 0x00007ffbaee19000 	C:\WINDOWS\System32\CRYPT32.dll
0x00007ffbadd10000 - 0x00007ffbadd22000 	C:\WINDOWS\System32\MSASN1.dll
0x00007ffbaebc0000 - 0x00007ffbaec1c000 	C:\WINDOWS\System32\WINTRUST.dll
0x00007ffbadce0000 - 0x00007ffbadd03000 	C:\WINDOWS\System32\profapi.dll
0x00007ffbadc40000 - 0x00007ffbadc8a000 	C:\WINDOWS\System32\powrprof.dll
0x00007ffbadc30000 - 0x00007ffbadc40000 	C:\WINDOWS\System32\UMPDC.dll
0x00007ffbaf390000 - 0x00007ffbaf3e2000 	C:\WINDOWS\System32\shlwapi.dll
0x00007ffbadc90000 - 0x00007ffbadca1000 	C:\WINDOWS\System32\kernel.appcore.dll
0x00007ffbaeb00000 - 0x00007ffbaeb17000 	C:\WINDOWS\System32\cryptsp.dll
0x00007ffba8ff0000 - 0x00007ffba900a000 	C:\Program Files\Android\Android Studio\jre\jre\bin\net.dll
0x00007ffb9cfa0000 - 0x00007ffb9d175000 	C:\WINDOWS\SYSTEM32\urlmon.dll
0x00007ffb9c2b0000 - 0x00007ffb9c556000 	C:\WINDOWS\SYSTEM32\iertutil.dll
0x00007ffbad640000 - 0x00007ffbad64c000 	C:\WINDOWS\SYSTEM32\CRYPTBASE.DLL
0x00007ffbad470000 - 0x00007ffbad4d7000 	C:\WINDOWS\system32\mswsock.dll
0x00007ffba8f80000 - 0x00007ffba8f93000 	C:\Program Files\Android\Android Studio\jre\jre\bin\nio.dll
0x00007ffba64f0000 - 0x00007ffba6516000 	C:\Users\mhars\.gradle\native\30\windows-amd64\native-platform.dll
0x00007ffba9b70000 - 0x00007ffba9b7d000 	C:\Program Files\Android\Android Studio\jre\jre\bin\management.dll
0x00007ffbacfe0000 - 0x00007ffbad013000 	C:\WINDOWS\system32\rsaenh.dll
0x00007ffbaea50000 - 0x00007ffbaea76000 	C:\WINDOWS\System32\bcrypt.dll
0x00007ffbadb50000 - 0x00007ffbadb75000 	C:\WINDOWS\SYSTEM32\USERENV.dll
0x00007ffbad180000 - 0x00007ffbad1ba000 	C:\WINDOWS\SYSTEM32\IPHLPAPI.DLL
0x00007ffbb0ce0000 - 0x00007ffbb0ce8000 	C:\WINDOWS\System32\NSI.dll
0x00007ffba6730000 - 0x00007ffba6746000 	C:\WINDOWS\SYSTEM32\dhcpcsvc6.DLL
0x00007ffba6c60000 - 0x00007ffba6c7c000 	C:\WINDOWS\SYSTEM32\dhcpcsvc.DLL
0x00007ffbad1c0000 - 0x00007ffbad28a000 	C:\WINDOWS\SYSTEM32\DNSAPI.dll

VM Arguments:
jvm_args: -Xmx1536m -Dfile.encoding=windows-1252 -Duser.country=US -Duser.language=en -Duser.variant 
java_command: org.gradle.launcher.daemon.bootstrap.GradleDaemon 5.6.4
java_class_path (initial): C:\Users\mhars\.gradle\wrapper\dists\gradle-5.6.4-all\ankdp27end7byghfw1q2sw75f\gradle-5.6.4\lib\gradle-launcher-5.6.4.jar
Launcher Type: SUN_STANDARD

Environment Variables:
PATH=C:\Program Files (x86)\Common Files\Oracle\Java\javapath;C:\WINDOWS\system32;C:\WINDOWS;C:\WINDOWS\System32\Wbem;C:\WINDOWS\System32\WindowsPowerShell\v1.0\;C:\WINDOWS\System32\OpenSSH\;C:\Program Files\Git\cmd;C:\Program Files (x86)\Brackets\command;C:\Program Files\nodejs\;C:\Program Files\PuTTY\;C:\Users\mhars\Downloads\Downloads;C:\Program Files\Tesseract-OCR;C:\Program Files (x86)\Common Files\Oracle\Java\javapath;C:\WINDOWS\system32;C:\WINDOWS;C:\WINDOWS\System32\Wbem;C:\WINDOWS\System32\WindowsPowerShell\v1.0\;C:\WINDOWS\System32\OpenSSH\;C:\Program Files\Git\cmd;C:\Program Files (x86)\Brackets\command;C:\Program Files\nodejs\;C:\Program Files\PuTTY\;C:\Users\mhars\AppData\Local\Microsoft\WindowsApps;C:\Users\mhars\AppData\Local\Programs\Microsoft VS Code\bin;C:\Program Files\Java\jdk1.8.0_202\bin;C:\Program Files\Java\jre1.8.0_202\bin;C:\Users\mhars\AppData\Roaming\npm;%USERPROFILE%\AppData\Roaming\npm\
USERNAME=mhars
OS=Windows_NT
PROCESSOR_IDENTIFIER=Intel64 Family 6 Model 142 Stepping 10, GenuineIntel



---------------  S Y S T E M  ---------------

OS: Windows 10.0 , 64 bit Build 18362 (10.0.18362.329)

CPU:total 8 (initial active 8) (4 cores per cpu, 2 threads per core) family 6 model 142 stepping 10, cmov, cx8, fxsr, mmx, sse, sse2, sse3, ssse3, sse4.1, sse4.2, popcnt, avx, avx2, aes, clmul, erms, 3dnowpref, lzcnt, ht, tsc, tscinvbit, bmi1, bmi2, adx

Memory: 4k page, physical 8295564k(442648k free), swap 22870152k(4552k free)

vm_info: OpenJDK 64-Bit Server VM (25.212-b04) for windows-amd64 JRE (1.8.0_212-release-1586-b04), built by "builder" with MS VC++ 10.0 (VS2010)

time: Thu Mar 12 16:40:18 2020
timezone: India Standard Time
elapsed time: 405 seconds (0d 0h 6m 45s)

